<?xml version="1.0" encoding="UTF-8"?>
<!-- Generated by org.testng.reporters.JUnitReportReporter -->
<testsuite hostname="LAPTOP-PFPSH5DU" failures="0" tests="1" name="testCases.TC002_LoginTest" time="2.813" errors="0" timestamp="2024-12-05T18:51:11 IST" skipped="0">
  <testcase classname="testCases.TC002_LoginTest" name="verifylogin" time="2.813"/>
</testsuite> <!-- testCases.TC002_LoginTest -->
