<?xml version="1.0" encoding="UTF-8"?>
<!-- Generated by org.testng.reporters.JUnitReportReporter -->
<testsuite hostname="LAPTOP-PFPSH5DU" failures="0" tests="1" name="testCases.TC001_AccountRegistrationTest" time="3.312" errors="0" timestamp="2024-12-07T18:11:14 IST" skipped="0">
  <testcase classname="testCases.TC001_AccountRegistrationTest" name="verify_account_registration" time="3.312"/>
</testsuite> <!-- testCases.TC001_AccountRegistrationTest -->
